<?xml version="1.0" encoding="UTF-8"?>
<testng-results ignored="0" total="3" passed="2" failed="1" skipped="0">
  <reporter-output>
  </reporter-output>
  <suite started-at="2024-02-15T18:20:35 EET" name="Vois Challenge" finished-at="2024-02-15T18:23:41 EET" duration-ms="186101">
    <groups>
    </groups>
    <test started-at="2024-02-15T18:20:35 EET" name="Search Test" finished-at="2024-02-15T18:23:41 EET" duration-ms="186101">
      <class name="testCase.SearchResults">
        <test-method is-config="true" signature="setUp()[pri:0, instance:testCase.SearchResults@4c12331b]" started-at="2024-02-15T18:20:35 EET" name="setUp" finished-at="2024-02-15T18:20:47 EET" duration-ms="12609" status="PASS">
          <reporter-output>
          </reporter-output>
        </test-method> <!-- setUp -->
        <test-method signature="NumberOfSearchResults(java.lang.String,java.lang.String,java.lang.String,java.lang.String,java.lang.String,java.lang.String,java.lang.String)[pri:0, instance:testCase.SearchResults@4c12331b]" started-at="2024-02-15T18:20:49 EET" name="NumberOfSearchResults" data-provider="testdata" finished-at="2024-02-15T18:22:28 EET" duration-ms="99327" status="PASS">
          <params>
            <param index="0">
              <value>
                <![CDATA[Number of Search Results]]>
              </value>
            </param>
            <param index="1">
              <value>
                <![CDATA[verify number of search results in different pages]]>
              </value>
            </param>
            <param index="2">
              <value>
                <![CDATA[https://www.bing.com]]>
              </value>
            </param>
            <param index="3">
              <value>
                <![CDATA[Vodafone]]>
              </value>
            </param>
            <param index="4">
              <value>
                <![CDATA[sb_form_q]]>
              </value>
            </param>
            <param index="5">
              <value>
                <![CDATA[ul>li>a[title='Next page']]]>
              </value>
            </param>
            <param index="6">
              <value>
                <![CDATA[#b_results>.b_algo]]>
              </value>
            </param>
          </params>
          <reporter-output>
          </reporter-output>
        </test-method> <!-- NumberOfSearchResults -->
        <test-method signature="NumberOfSearchResults(java.lang.String,java.lang.String,java.lang.String,java.lang.String,java.lang.String,java.lang.String,java.lang.String)[pri:0, instance:testCase.SearchResults@4c12331b]" started-at="2024-02-15T18:22:28 EET" name="NumberOfSearchResults" data-provider="testdata" finished-at="2024-02-15T18:23:15 EET" duration-ms="46296" status="PASS">
          <params>
            <param index="0">
              <value>
                <![CDATA[Number of Search Results]]>
              </value>
            </param>
            <param index="1">
              <value>
                <![CDATA[verify number of search results in different pages]]>
              </value>
            </param>
            <param index="2">
              <value>
                <![CDATA[https://www.bing.com]]>
              </value>
            </param>
            <param index="3">
              <value>
                <![CDATA[google]]>
              </value>
            </param>
            <param index="4">
              <value>
                <![CDATA[sb_form_q]]>
              </value>
            </param>
            <param index="5">
              <value>
                <![CDATA[ul>li>a[title='Next page']]]>
              </value>
            </param>
            <param index="6">
              <value>
                <![CDATA[#b_results>.b_algo]]>
              </value>
            </param>
          </params>
          <reporter-output>
          </reporter-output>
        </test-method> <!-- NumberOfSearchResults -->
        <test-method signature="NumberOfSearchResults(java.lang.String,java.lang.String,java.lang.String,java.lang.String,java.lang.String,java.lang.String,java.lang.String)[pri:0, instance:testCase.SearchResults@4c12331b]" started-at="2024-02-15T18:23:15 EET" name="NumberOfSearchResults" data-provider="testdata" finished-at="2024-02-15T18:23:39 EET" duration-ms="24953" status="FAIL">
          <params>
            <param index="0">
              <value>
                <![CDATA[Number of Search Results]]>
              </value>
            </param>
            <param index="1">
              <value>
                <![CDATA[verify number of search results in different pages]]>
              </value>
            </param>
            <param index="2">
              <value>
                <![CDATA[https://www.bing.com]]>
              </value>
            </param>
            <param index="3">
              <value>
                <![CDATA[\"سdبs\ج=?\"\"]]>
              </value>
            </param>
            <param index="4">
              <value>
                <![CDATA[sb_form_q]]>
              </value>
            </param>
            <param index="5">
              <value>
                <![CDATA[ul>li>a[title='Next page']]]>
              </value>
            </param>
            <param index="6">
              <value>
                <![CDATA[#b_results>.b_algo]]>
              </value>
            </param>
          </params>
          <exception class="java.lang.AssertionError">
            <message>
              <![CDATA[There is no other pages of search results expected [true] but found [false]]]>
            </message>
            <full-stacktrace>
              <![CDATA[java.lang.AssertionError: There is no other pages of search results expected [true] but found [false]
at org.testng.Assert.fail(Assert.java:111)
at org.testng.Assert.failNotEquals(Assert.java:1578)
at org.testng.Assert.assertTrue(Assert.java:57)
at testCase.SearchResults.NumberOfSearchResults(SearchResults.java:60)
at java.base/jdk.internal.reflect.NativeMethodAccessorImpl.invoke0(Native Method)
at java.base/jdk.internal.reflect.NativeMethodAccessorImpl.invoke(NativeMethodAccessorImpl.java:64)
at java.base/jdk.internal.reflect.DelegatingMethodAccessorImpl.invoke(DelegatingMethodAccessorImpl.java:43)
at java.base/java.lang.reflect.Method.invoke(Method.java:564)
at org.testng.internal.invokers.MethodInvocationHelper.invokeMethod(MethodInvocationHelper.java:139)
at org.testng.internal.invokers.TestInvoker.invokeMethod(TestInvoker.java:664)
at org.testng.internal.invokers.TestInvoker.invokeTestMethod(TestInvoker.java:228)
at org.testng.internal.invokers.MethodRunner.runInSequence(MethodRunner.java:63)
at org.testng.internal.invokers.TestInvoker$MethodInvocationAgent.invoke(TestInvoker.java:961)
at org.testng.internal.invokers.TestInvoker.invokeTestMethods(TestInvoker.java:201)
at org.testng.internal.invokers.TestMethodWorker.invokeTestMethods(TestMethodWorker.java:148)
at org.testng.internal.invokers.TestMethodWorker.run(TestMethodWorker.java:128)
at java.base/java.util.ArrayList.forEach(ArrayList.java:1511)
at org.testng.TestRunner.privateRun(TestRunner.java:819)
at org.testng.TestRunner.run(TestRunner.java:619)
at org.testng.SuiteRunner.runTest(SuiteRunner.java:443)
at org.testng.SuiteRunner.runSequentially(SuiteRunner.java:437)
at org.testng.SuiteRunner.privateRun(SuiteRunner.java:397)
at org.testng.SuiteRunner.run(SuiteRunner.java:336)
at org.testng.SuiteRunnerWorker.runSuite(SuiteRunnerWorker.java:52)
at org.testng.SuiteRunnerWorker.run(SuiteRunnerWorker.java:95)
at org.testng.TestNG.runSuitesSequentially(TestNG.java:1301)
at org.testng.TestNG.runSuitesLocally(TestNG.java:1228)
at org.testng.TestNG.runSuites(TestNG.java:1134)
at org.testng.TestNG.run(TestNG.java:1101)
at org.testng.remote.AbstractRemoteTestNG.run(AbstractRemoteTestNG.java:115)
at org.testng.remote.RemoteTestNG.initAndRun(RemoteTestNG.java:251)
at org.testng.remote.RemoteTestNG.main(RemoteTestNG.java:77)
]]>
            </full-stacktrace>
          </exception> <!-- java.lang.AssertionError -->
          <reporter-output>
          </reporter-output>
        </test-method> <!-- NumberOfSearchResults -->
        <test-method is-config="true" signature="tearDown()[pri:0, instance:testCase.SearchResults@4c12331b]" started-at="2024-02-15T18:23:40 EET" name="tearDown" finished-at="2024-02-15T18:23:41 EET" duration-ms="1344" status="PASS">
          <reporter-output>
          </reporter-output>
        </test-method> <!-- tearDown -->
      </class> <!-- testCase.SearchResults -->
    </test> <!-- Search Test -->
  </suite> <!-- Vois Challenge -->
</testng-results>
