<?xml version="1.0" encoding="UTF-8"?>
<!-- Generated by org.testng.reporters.JUnitXMLReporter -->
<testsuite ignored="0" hostname="DESKTOP-8TK64OD" failures="1" tests="3" name="Search Test" time="186.101" errors="0" timestamp="2024-02-15T18:23:41 EET">
  <testcase classname="testCase.SearchResults" name="NumberOfSearchResults" time="99.327"/>
  <testcase classname="testCase.SearchResults" name="NumberOfSearchResults" time="46.296"/>
  <testcase classname="testCase.SearchResults" name="NumberOfSearchResults" time="24.953">
    <failure type="java.lang.AssertionError" message="There is no other pages of search results expected [true] but found [false]">
      <![CDATA[java.lang.AssertionError: There is no other pages of search results expected [true] but found [false]
at testCase.SearchResults.NumberOfSearchResults(SearchResults.java:60)
at java.base/java.util.ArrayList.forEach(ArrayList.java:1511)
... Removed 30 stack frames]]>
    </failure>
  </testcase> <!-- NumberOfSearchResults -->
</testsuite> <!-- Search Test -->
